#
# A fatal error has been detected by the Java Runtime Environment:
#
#  EXCEPTION_ACCESS_VIOLATION (0xc0000005) at pc=0x00007fffb2b23a75, pid=1536, tid=4044
#
# JRE version: OpenJDK Runtime Environment Temurin-17.0.10+7 (17.0.10+7) (build 17.0.10+7)
# Java VM: OpenJDK 64-Bit Server VM Temurin-17.0.10+7 (17.0.10+7, mixed mode, sharing, tiered, compressed oops, compressed class ptrs, g1 gc, windows-amd64)
# Problematic frame:
# V  [jvm.dll+0x563a75]
#
# No core dump will be written. Minidumps are not enabled by default on client versions of Windows
#
# If you would like to submit a bug report, please visit:
#   https://github.com/adoptium/adoptium-support/issues
#

---------------  S U M M A R Y ------------

Command Line: -XX:+ShowCodeDetailsInExceptionMessages -agentlib:jdwp=transport=dt_socket,suspend=y,address=localhost:59704 -javaagent:C:\Users\koray\eclipse\jee-2023-12\eclipse\configuration\org.eclipse.osgi\434\0\.cp\lib\javaagent-shaded.jar -Dfile.encoding=UTF-8 -Dstdout.encoding=UTF-8 -Dstderr.encoding=UTF-8 primeNumberFinder

Host: 11th Gen Intel(R) Core(TM) i7-11600H @ 2.90GHz, 12 cores, 15G,  Windows 10 , 64 bit Build 19041 (10.0.19041.3636)
Time: Thu Feb 15 20:00:06 2024 Türkiye Standart Saati elapsed time: 99.603583 seconds (0d 0h 1m 39s)

---------------  T H R E A D  ---------------

Current thread (0x000001ff78970230):  JavaThread "main" [_thread_in_vm, id=4044, stack(0x0000006d90500000,0x0000006d90600000)]

Stack: [0x0000006d90500000,0x0000006d90600000],  sp=0x0000006d905ff260,  free space=1020k
Native frames: (J=compiled Java code, j=interpreted, Vv=VM code, C=native code)
V  [jvm.dll+0x563a75]
V  [jvm.dll+0x386672]
V  [jvm.dll+0x385cdf]
C  0x000001ff0efc5799

The last pc belongs to invokevirtual (printed below).
Java frames: (J=compiled Java code, j=interpreted, Vv=VM code)
j  primeNumberFinder.main([Ljava/lang/String;)V+76
v  ~StubRoutines::call_stub

siginfo: EXCEPTION_ACCESS_VIOLATION (0xc0000005), reading address 0x0000000000000014


Registers:
RAX=0x0000006d905ff2b8, RBX=0x000001ff78970b10, RCX=0x0000006d905ff230, RDX=0x0000006d905ff230
RSP=0x0000006d905ff260, RBP=0x0000006d905ff2a9, RSI=0x000001ff78970230, RDI=0x000000000000000c
R8 =0x0000000000000000, R9 =0x000001ff5e43c4c0, R10=0x000001ff5e43bf10, R11=0x0000000000000000
R12=0x0000000000000000, R13=0x000001ff5e43c3bc, R14=0x0000006d905ff3c0, R15=0x000001ff5e43c3bc
RIP=0x00007fffb2b23a75, EFLAGS=0x0000000000010202


Register to memory mapping:

RIP=0x00007fffb2b23a75 jvm.dll
RAX=0x0000006d905ff2b8 is pointing into the stack for thread: 0x000001ff78970230
RBX=0x000001ff78970b10 points into unknown readable memory: 0x000000000000000c | 0c 00 00 00 00 00 00 00
RCX=0x0000006d905ff230 is pointing into the stack for thread: 0x000001ff78970230
RDX=0x0000006d905ff230 is pointing into the stack for thread: 0x000001ff78970230
RSP=0x0000006d905ff260 is pointing into the stack for thread: 0x000001ff78970230
RBP=0x0000006d905ff2a9 is pointing into the stack for thread: 0x000001ff78970230
RSI=0x000001ff78970230 is a thread
RDI=0x000000000000000c is an unknown value
R8 =0x0 is NULL
R9 =0x000001ff5e43c4c0 is pointing into metadata
R10=0x000001ff5e43bf10 is pointing into metadata
R11=0x0 is NULL
R12=0x0 is NULL
R13=0x000001ff5e43c3bc is pointing into metadata
R14=0x0000006d905ff3c0 is pointing into the stack for thread: 0x000001ff78970230
R15=0x000001ff5e43c3bc is pointing into metadata


Top of Stack: (sp=0x0000006d905ff260)
0x0000006d905ff260:   000001ff766c3c0a 000001ff78970b10
0x0000006d905ff270:   0000006d905ff2a9 0000001500000014
0x0000006d905ff280:   0000000000000015 000000030000000e
0x0000006d905ff290:   000001ff1d450068 0000000000000000
0x0000006d905ff2a0:   00000000000000b6 00007fffb288a41f
0x0000006d905ff2b0:   0000000000000000 000001ff1d453c28
0x0000006d905ff2c0:   000001ff1d4563f8 000001ff1d013e18
0x0000006d905ff2d0:   000001ff1e005b00 0000000000000000
0x0000006d905ff2e0:   0000000000000000 000001ff000a0101
0x0000006d905ff2f0:   0000006d905ff400 00007fffb2946672
0x0000006d905ff300:   000001ff766c6200 000001ff78970230
0x0000006d905ff310:   000001ff78970b10 00000000000000b6
0x0000006d905ff320:   000001ff000000b6 000001ff78970230
0x0000006d905ff330:   000001ff5e43c408 000001ff78970230
0x0000006d905ff340:   0000000000000000 0000000000000000
0x0000006d905ff350:   000001ff5e43bf10 000001ff78970230
0x0000006d905ff360:   0000006d905ff618 000001ff0efc573d
0x0000006d905ff370:   000001ff0efa8e10 000001ff00000000
0x0000006d905ff380:   0000006d905ff678 0000006d905ff618
0x0000006d905ff390:   000001ff5e43c3bc 000001ff000000b6
0x0000006d905ff3a0:   000001ff5e43c408 000001ff00000000
0x0000006d905ff3b0:   0000006d905ff678 0000006d905ff618
0x0000006d905ff3c0:   0000006d905ff510 0000000000000000
0x0000006d905ff3d0:   0000000000000000 0000000000000000
0x0000006d905ff3e0:   0000000000000000 0000000000000000
0x0000006d905ff3f0:   0000000000000000 0000000000000000
0x0000006d905ff400:   000001ff78970230 000001ff5e43c3bc
0x0000006d905ff410:   0000006d905ff6a0 000001ff78970230
0x0000006d905ff420:   0000000000000000 00000000000000b6
0x0000006d905ff430:   0000006d905ff540 00007fffb2945cdf
0x0000006d905ff440:   000001ff5e43bf10 0000000000000000
0x0000006d905ff450:   000001ff78970af8 00000000000003d8 

Instructions: (pc=0x00007fffb2b23a75)
0x00007fffb2b23975:   bc 24 a8 00 00 00 48 98 0f b6 84 01 18 3c 56 00
0x00007fffb2b23985:   8b 94 81 fc 3b 56 00 48 03 d1 ff e2 48 8b 5d 7f
0x00007fffb2b23995:   48 8d 4d 0f 4c 8b cb 45 8b c2 49 8b d3 e8 c9 d0
0x00007fffb2b239a5:   ff ff 48 83 7b 08 00 0f 85 1c 02 00 00 4c 8b cb
0x00007fffb2b239b5:   48 8d 55 0f 41 b0 01 49 8b ce e8 7c 10 00 00 e9
0x00007fffb2b239c5:   05 02 00 00 48 8b 7d 7f 48 8d 4d 0f 4c 8b cf 45
0x00007fffb2b239d5:   8b c2 49 8b d3 e8 91 d0 ff ff 48 83 7f 08 00 0f
0x00007fffb2b239e5:   85 e4 01 00 00 48 8b d7 48 8d 4d 0f e8 6a e0 ff
0x00007fffb2b239f5:   ff 48 83 7f 08 00 0f 85 cd 01 00 00 48 89 45 ff
0x00007fffb2b23a05:   48 89 7d 07 48 85 c0 74 14 48 8b 8f 48 02 00 00
0x00007fffb2b23a15:   48 8d 55 f7 48 89 45 f7 e8 4e 70 aa ff 4c 8b cb
0x00007fffb2b23a25:   48 89 7c 24 20 4c 8d 45 ff 49 8b ce 48 8d 55 0f
0x00007fffb2b23a35:   e8 a6 19 00 00 e9 86 01 00 00 48 8b 75 7f 48 8d
0x00007fffb2b23a45:   4d 0f 4c 8b ce 45 8b c2 49 8b d3 e8 1b d0 ff ff
0x00007fffb2b23a55:   48 83 7e 08 00 0f 85 6e 01 00 00 48 85 db 75 04
0x00007fffb2b23a65:   33 ff eb 25 80 3d 12 f9 61 00 00 48 8b 3b 74 15
0x00007fffb2b23a75:   8b 7f 08 8b 0d 7a 38 5b 00 48 d3 e7 48 03 3d 68
0x00007fffb2b23a85:   38 5b 00 eb 04 48 8b 7f 08 48 8b d6 48 8d 4d 0f
0x00007fffb2b23a95:   e8 36 e5 ff ff 48 83 7e 08 00 0f 85 29 01 00 00
0x00007fffb2b23aa5:   48 89 45 ff 48 89 75 07 48 85 c0 74 14 48 8b 8e
0x00007fffb2b23ab5:   48 02 00 00 48 8d 55 f7 48 89 45 f7 e8 aa 6f aa
0x00007fffb2b23ac5:   ff 4c 8b 45 1f 48 8d 55 ff 48 89 74 24 30 4c 8b
0x00007fffb2b23ad5:   cb c6 44 24 28 01 49 8b ce 48 89 7c 24 20 e8 88
0x00007fffb2b23ae5:   1e 00 00 e9 d8 00 00 00 4c 8b 4d 7f 45 8b c2 49
0x00007fffb2b23af5:   8b d3 49 8b ce e8 31 03 00 00 e9 d3 00 00 00 4c
0x00007fffb2b23b05:   8b 4d 7f 45 8b c2 49 8b d3 49 8b ce e8 3a 01 00
0x00007fffb2b23b15:   00 e9 bc 00 00 00 48 8b 75 7f 48 8d 4d 0f 4c 8b
0x00007fffb2b23b25:   ce 45 8b c2 49 8b d3 e8 3f cf ff ff 48 83 7e 08
0x00007fffb2b23b35:   00 0f 85 92 00 00 00 48 85 db 75 04 33 ff eb 25
0x00007fffb2b23b45:   80 3d 36 f8 61 00 00 48 8b 3b 74 15 8b 7f 08 8b
0x00007fffb2b23b55:   0d 9e 37 5b 00 48 d3 e7 48 03 3d 8c 37 5b 00 eb
0x00007fffb2b23b65:   04 48 8b 7f 08 4c 8b c6 48 8d 4d 0f ba b9 00 00 


Stack slot to memory mapping:
stack at sp + 0 slots: 0x000001ff766c3c0a points into unknown readable memory: 00 00 00 00 00 00
stack at sp + 1 slots: 0x000001ff78970b10 points into unknown readable memory: 0x000000000000000c | 0c 00 00 00 00 00 00 00
stack at sp + 2 slots: 0x0000006d905ff2a9 is pointing into the stack for thread: 0x000001ff78970230
stack at sp + 3 slots: 0x0000001500000014 is an unknown value
stack at sp + 4 slots: 0x0000000000000015 is an unknown value
stack at sp + 5 slots: 0x000000030000000e is an unknown value
stack at sp + 6 slots: 0x000001ff1d450068 is pointing into metadata
stack at sp + 7 slots: 0x0 is NULL

invokevirtual  182 invokevirtual  [0x000001ff0efc56e0, 0x000001ff0efc5c80]  1440 bytes
[MachCode]
  0x000001ff0efc56e0: 4883 ec08 | c5fa 1104 | 24eb 1f48 | 83ec 10c5 | fb11 0424 | eb14 4883 | ec10 4889 | 0424 48c7 
  0x000001ff0efc5700: 4424 0800 | 0000 00eb | 0150 4c89 | 6dc0 410f | b755 0148 | 8b4d d0c1 | e202 8b5c | d120 c1eb 
  0x000001ff0efc5720: 1881 e3ff | 0000 0081 | fbb6 0000 | 000f 847b | 0100 00bb | b600 0000 | e805 0000 | 00e9 6001 
  0x000001ff0efc5740: 0000 488b | d348 8d44 | 2408 4c89 | 6dc0 498b | cfc5 f877 | 4989 afa8 | 0200 0049 | 8987 9802 
  0x000001ff0efc5760: 0000 4883 | ec20 f7c4 | 0f00 0000 | 0f84 1a00 | 0000 4883 | ec08 49ba | 705c 94b2 | ff7f 0000 
  0x000001ff0efc5780: 41ff d248 | 83c4 08e9 | 0d00 0000 | 49ba 705c | 94b2 ff7f | 0000 41ff | d248 83c4 | 2049 c787 
  0x000001ff0efc57a0: 9802 0000 | 0000 0000 | 49c7 87a8 | 0200 0000 | 0000 0049 | c787 a002 | 0000 0000 | 0000 c5f8 
  0x000001ff0efc57c0: 7741 8b8f | 0c04 0000 | f7c1 0100 | 0000 0f84 | 4900 0000 | f7c1 0200 | 0000 0f85 | 3d00 0000 
  0x000001ff0efc57e0: 4883 ec20 | f7c4 0f00 | 0000 0f84 | 1a00 0000 | 4883 ec08 | 49ba 5000 | 94b2 ff7f | 0000 41ff 
  0x000001ff0efc5800: d248 83c4 | 08e9 0d00 | 0000 49ba | 5000 94b2 | ff7f 0000 | 41ff d248 | 83c4 20ff | e049 8b8f 
  0x000001ff0efc5820: 9004 0000 | 4885 c90f | 8459 0000 | 008b 898c | 0000 0083 | f901 0f85 | 4a00 0000 | 498b 8f90 
  0x000001ff0efc5840: 0400 008b | 8990 0000 | 0048 83ec | 20f7 c40f | 0000 000f | 841a 0000 | 0048 83ec | 0849 ba40 
  0x000001ff0efc5860: 0094 b2ff | 7f00 0041 | ffd2 4883 | c408 e90d | 0000 0049 | ba40 0094 | b2ff 7f00 | 0041 ffd2 
  0x000001ff0efc5880: 4883 c420 | ffe0 4981 | 7f08 0000 | 0000 0f84 | 0500 0000 | e967 b6fd | ff4c 8b6d | c04c 8b75 
  0x000001ff0efc58a0: c8c3 410f | b755 0148 | 8b4d d0c1 | e202 488b | 5cd1 308b | 54d1 388b | ca81 e1ff | 0000 0048 
  0x000001ff0efc58c0: 8b4c ccf8 | 448b eac1 | ea1c 49ba | a060 16b3 | ff7f 0000 | 498b 14d2 | 5241 8bd5 | 4c8b 6dc0 
  0x000001ff0efc58e0: 8bc2 81e0 | 0000 1000 | 0f84 7d01 | 0000 483b | 0148 8b45 | d848 85c0 | 0f84 1200 | 0000 4883 
  0x000001ff0efc5900: 4008 0148 | 8358 0800 | 4883 c038 | 4889 45d8 | 488b 45d8 | 4885 c00f | 8435 0100 | 0080 78c8 
  0x000001ff0efc5920: 0b0f 852b | 0100 0048 | 83c0 084c | 8b68 f841 | 83ed 0041 | 83fd 020f | 8c0a 0100 | 004c 8b6b 
  0x000001ff0efc5940: 0845 0fb7 | 6d2c 4c2b | 2841 83ed | 014e 8b6c | ec08 4d85 | ed75 0748 | 8348 0801 | eb53 458b 
  0x000001ff0efc5960: 6d08 49ba | 0000 001d | ff01 0000 | 4d03 ea4c | 3368 0849 | f7c5 fcff | ffff 7435 | 49f7 c502 
  0x000001ff0efc5980: 0000 0075 | 2c48 8178 | 0800 0000 | 0074 1e48 | 8178 0801 | 0000 0074 | 144c 3368 | 0849 f7c5 
  0x000001ff0efc59a0: fcff ffff | 740b 4883 | 4808 02eb | 044c 8968 | 0848 83c0 | 104c 8b68 | e841 83ed | 0241 83fd 
  0x000001ff0efc59c0: 020f 8c80 | 0000 004c | 8b6b 0845 | 0fb7 6d2c | 4c2b 2841 | 83ed 014e | 8b6c ec08 | 4d85 ed75 
  0x000001ff0efc59e0: 0748 8348 | 0801 eb53 | 458b 6d08 | 49ba 0000 | 001d ff01 | 0000 4d03 | ea4c 3368 | 0849 f7c5 
  0x000001ff0efc5a00: fcff ffff | 7435 49f7 | c502 0000 | 0075 2c48 | 8178 0800 | 0000 0074 | 1e48 8178 | 0801 0000 
  0x000001ff0efc5a20: 0074 144c | 3368 0849 | f7c5 fcff | ffff 740b | 4883 4808 | 02eb 044c | 8968 0848 | 83c0 104c 
  0x000001ff0efc5a40: 8b68 d841 | 83ed 0441 | c1e5 0349 | 03c5 4889 | 45d8 4c8d | 6c24 084c | 896d f041 | 80bf 9804 
  0x000001ff0efc5a60: 0000 0074 | 03ff 6338 | ff63 508b | 4108 49ba | 0000 001d | ff01 0000 | 4903 c24c | 8b75 d84d 
  0x000001ff0efc5a80: 85f6 0f84 | 9500 0000 | 498b 5618 | 483b d00f | 850f 0000 | 0049 8346 | 2001 4983 | 5e20 00e9 
  0x000001ff0efc5aa0: 7100 0000 | 4885 d20f | 8442 0000 | 0049 8b56 | 2848 3bd0 | 0f85 0f00 | 0000 4983 | 4630 0149 
  0x000001ff0efc5ac0: 835e 3000 | e94c 0000 | 0048 85d2 | 740f 4983 | 4608 0149 | 835e 0800 | e938 0000 | 0049 8946 
  0x000001ff0efc5ae0: 28ba 0100 | 0000 4989 | 5630 e926 | 0000 0049 | 3b46 280f | 850f 0000 | 0049 8346 | 3001 4983 
  0x000001ff0efc5b00: 5e30 00e9 | 0d00 0000 | 4989 4618 | ba01 0000 | 0049 8956 | 2049 83c6 | 384c 8975 | d848 8b9c 
  0x000001ff0efc5b20: d8c8 0100 | 0048 8b55 | d848 85d2 | 0f84 3501 | 0000 807a | c80b 0f85 | 2b01 0000 | 4883 c208 
  0x000001ff0efc5b40: 4c8b 6af8 | 4183 ed00 | 4183 fd02 | 0f8c 0a01 | 0000 4c8b | 6b08 450f | b76d 2c4c | 2b2a 4183 
  0x000001ff0efc5b60: ed01 4e8b | 6cec 084d | 85ed 7507 | 4883 4a08 | 01eb 5345 | 8b6d 0849 | ba00 0000 | 1dff 0100 
  0x000001ff0efc5b80: 004d 03ea | 4c33 6a08 | 49f7 c5fc | ffff ff74 | 3549 f7c5 | 0200 0000 | 752c 4881 | 7a08 0000 
  0x000001ff0efc5ba0: 0000 741e | 4881 7a08 | 0100 0000 | 7414 4c33 | 6a08 49f7 | c5fc ffff | ff74 0b48 | 834a 0802 
  0x000001ff0efc5bc0: eb04 4c89 | 6a08 4883 | c210 4c8b | 6ae8 4183 | ed02 4183 | fd02 0f8c | 8000 0000 | 4c8b 6b08 
  0x000001ff0efc5be0: 450f b76d | 2c4c 2b2a | 4183 ed01 | 4e8b 6cec | 084d 85ed | 7507 4883 | 4a08 01eb | 5345 8b6d 
  0x000001ff0efc5c00: 0849 ba00 | 0000 1dff | 0100 004d | 03ea 4c33 | 6a08 49f7 | c5fc ffff | ff74 3549 | f7c5 0200 
  0x000001ff0efc5c20: 0000 752c | 4881 7a08 | 0000 0000 | 741e 4881 | 7a08 0100 | 0000 7414 | 4c33 6a08 | 49f7 c5fc 
  0x000001ff0efc5c40: ffff ff74 | 0b48 834a | 0802 eb04 | 4c89 6a08 | 4883 c210 | 4c8b 6ad8 | 4183 ed04 | 41c1 e503 
  0x000001ff0efc5c60: 4903 d548 | 8955 d84c | 8d6c 2408 | 4c89 6df0 | 4180 bf98 | 0400 0000 | 7403 ff63 | 38ff 6350 
[/MachCode]

---------------  P R O C E S S  ---------------

Threads class SMR info:
_java_thread_list=0x000001ff624bf700, length=15, elements={
0x000001ff78970230, 0x000001ff7e9e2fa0, 0x000001ff7e9e3b60, 0x000001ff7e9f5580,
0x000001ff7e9f8060, 0x000001ff7e9fab30, 0x000001ff7e9fb4f0, 0x000001ff7e9fc290,
0x000001ff7ea09260, 0x000001ff7ea0a440, 0x000001ff7e9d0810, 0x000001ff1cc46a10,
0x000001ff1cbbf0b0, 0x000001ff1cb59fd0, 0x000001ff1cd6ea50
}

Java Threads: ( => current thread )
=>0x000001ff78970230 JavaThread "main" [_thread_in_vm, id=4044, stack(0x0000006d90500000,0x0000006d90600000)]
  0x000001ff7e9e2fa0 JavaThread "Reference Handler" daemon [_thread_blocked, id=15272, stack(0x0000006d90c00000,0x0000006d90d00000)]
  0x000001ff7e9e3b60 JavaThread "Finalizer" daemon [_thread_blocked, id=19332, stack(0x0000006d90d00000,0x0000006d90e00000)]
  0x000001ff7e9f5580 JavaThread "Signal Dispatcher" daemon [_thread_blocked, id=11384, stack(0x0000006d90e00000,0x0000006d90f00000)]
  0x000001ff7e9f8060 JavaThread "Attach Listener" daemon [_thread_blocked, id=9000, stack(0x0000006d90f00000,0x0000006d91000000)]
  0x000001ff7e9fab30 JavaThread "Service Thread" daemon [_thread_blocked, id=9376, stack(0x0000006d91000000,0x0000006d91100000)]
  0x000001ff7e9fb4f0 JavaThread "Monitor Deflation Thread" daemon [_thread_blocked, id=11160, stack(0x0000006d91100000,0x0000006d91200000)]
  0x000001ff7e9fc290 JavaThread "C2 CompilerThread0" daemon [_thread_blocked, id=20036, stack(0x0000006d91200000,0x0000006d91300000)]
  0x000001ff7ea09260 JavaThread "C1 CompilerThread0" daemon [_thread_blocked, id=20180, stack(0x0000006d91300000,0x0000006d91400000)]
  0x000001ff7ea0a440 JavaThread "Sweeper thread" daemon [_thread_blocked, id=12640, stack(0x0000006d91400000,0x0000006d91500000)]
  0x000001ff7e9d0810 JavaThread "Common-Cleaner" daemon [_thread_blocked, id=11940, stack(0x0000006d91500000,0x0000006d91600000)]
  0x000001ff1cc46a10 JavaThread "JDWP Transport Listener: dt_socket" daemon [_thread_blocked, id=15024, stack(0x0000006d91600000,0x0000006d91700000)]
  0x000001ff1cbbf0b0 JavaThread "JDWP Event Helper Thread" daemon [_thread_blocked, id=1056, stack(0x0000006d91700000,0x0000006d91800000)]
  0x000001ff1cb59fd0 JavaThread "JDWP Command Reader" daemon [_thread_in_native, id=18752, stack(0x0000006d91800000,0x0000006d91900000)]
  0x000001ff1cd6ea50 JavaThread "Notification Thread" daemon [_thread_blocked, id=18332, stack(0x0000006d91a00000,0x0000006d91b00000)]

Other Threads:
  0x000001ff7e9e06f0 VMThread "VM Thread" [stack: 0x0000006d90b00000,0x0000006d90c00000] [id=1028]
  0x000001ff789711f0 WatcherThread [stack: 0x0000006d91b00000,0x0000006d91c00000] [id=12392]
  0x000001ff789d9c00 GCTaskThread "GC Thread#0" [stack: 0x0000006d90600000,0x0000006d90700000] [id=19188]
  0x000001ff789ea750 ConcurrentGCThread "G1 Main Marker" [stack: 0x0000006d90700000,0x0000006d90800000] [id=8044]
  0x000001ff789eb910 ConcurrentGCThread "G1 Conc#0" [stack: 0x0000006d90800000,0x0000006d90900000] [id=16624]
  0x000001ff7e905690 ConcurrentGCThread "G1 Refine#0" [stack: 0x0000006d90900000,0x0000006d90a00000] [id=6032]
  0x000001ff7e9060c0 ConcurrentGCThread "G1 Service" [stack: 0x0000006d90a00000,0x0000006d90b00000] [id=11276]

Threads with active compile tasks:

VM state: not at safepoint (normal execution)

VM Mutex/Monitor currently owned by a thread: None

Heap address: 0x0000000704000000, size: 4032 MB, Compressed Oops mode: Zero based, Oop shift amount: 3

CDS archive(s) mapped at: [0x000001ff1d000000-0x000001ff1dbb0000-0x000001ff1dbb0000), size 12255232, SharedBaseAddress: 0x000001ff1d000000, ArchiveRelocationMode: 1.
Compressed class space mapped at: 0x000001ff1e000000-0x000001ff5e000000, reserved size: 1073741824
Narrow klass base: 0x000001ff1d000000, Narrow klass shift: 0, Narrow klass range: 0x100000000

GC Precious Log:
 CPUs: 12 total, 12 available
 Memory: 16125M
 Large Page Support: Disabled
 NUMA Support: Disabled
 Compressed Oops: Enabled (Zero based)
 Heap Region Size: 2M
 Heap Min Capacity: 8M
 Heap Initial Capacity: 252M
 Heap Max Capacity: 4032M
 Pre-touch: Disabled
 Parallel Workers: 10
 Concurrent Workers: 3
 Concurrent Refinement Workers: 10
 Periodic GC: Disabled

Heap:
 garbage-first heap   total 258048K, used 6144K [0x0000000704000000, 0x0000000800000000)
  region size 2048K, 4 young (8192K), 0 survivors (0K)
 Metaspace       used 3005K, committed 3136K, reserved 1114112K
  class space    used 281K, committed 320K, reserved 1048576K

Heap Regions: E=young(eden), S=young(survivor), O=old, HS=humongous(starts), HC=humongous(continues), CS=collection set, F=free, OA=open archive, CA=closed archive, TAMS=top-at-mark-start (previous, next)
|   0|0x0000000704000000, 0x0000000704000000, 0x0000000704200000|  0%| F|  |TAMS 0x0000000704000000, 0x0000000704000000| Untracked 
|   1|0x0000000704200000, 0x0000000704200000, 0x0000000704400000|  0%| F|  |TAMS 0x0000000704200000, 0x0000000704200000| Untracked 
|   2|0x0000000704400000, 0x0000000704400000, 0x0000000704600000|  0%| F|  |TAMS 0x0000000704400000, 0x0000000704400000| Untracked 
|   3|0x0000000704600000, 0x0000000704600000, 0x0000000704800000|  0%| F|  |TAMS 0x0000000704600000, 0x0000000704600000| Untracked 
|   4|0x0000000704800000, 0x0000000704800000, 0x0000000704a00000|  0%| F|  |TAMS 0x0000000704800000, 0x0000000704800000| Untracked 
|   5|0x0000000704a00000, 0x0000000704a00000, 0x0000000704c00000|  0%| F|  |TAMS 0x0000000704a00000, 0x0000000704a00000| Untracked 
|   6|0x0000000704c00000, 0x0000000704c00000, 0x0000000704e00000|  0%| F|  |TAMS 0x0000000704c00000, 0x0000000704c00000| Untracked 
|   7|0x0000000704e00000, 0x0000000704e00000, 0x0000000705000000|  0%| F|  |TAMS 0x0000000704e00000, 0x0000000704e00000| Untracked 
|   8|0x0000000705000000, 0x0000000705000000, 0x0000000705200000|  0%| F|  |TAMS 0x0000000705000000, 0x0000000705000000| Untracked 
|   9|0x0000000705200000, 0x0000000705200000, 0x0000000705400000|  0%| F|  |TAMS 0x0000000705200000, 0x0000000705200000| Untracked 
|  10|0x0000000705400000, 0x0000000705400000, 0x0000000705600000|  0%| F|  |TAMS 0x0000000705400000, 0x0000000705400000| Untracked 
|  11|0x0000000705600000, 0x0000000705600000, 0x0000000705800000|  0%| F|  |TAMS 0x0000000705600000, 0x0000000705600000| Untracked 
|  12|0x0000000705800000, 0x0000000705800000, 0x0000000705a00000|  0%| F|  |TAMS 0x0000000705800000, 0x0000000705800000| Untracked 
|  13|0x0000000705a00000, 0x0000000705a00000, 0x0000000705c00000|  0%| F|  |TAMS 0x0000000705a00000, 0x0000000705a00000| Untracked 
|  14|0x0000000705c00000, 0x0000000705c00000, 0x0000000705e00000|  0%| F|  |TAMS 0x0000000705c00000, 0x0000000705c00000| Untracked 
|  15|0x0000000705e00000, 0x0000000705e00000, 0x0000000706000000|  0%| F|  |TAMS 0x0000000705e00000, 0x0000000705e00000| Untracked 
|  16|0x0000000706000000, 0x0000000706000000, 0x0000000706200000|  0%| F|  |TAMS 0x0000000706000000, 0x0000000706000000| Untracked 
|  17|0x0000000706200000, 0x0000000706200000, 0x0000000706400000|  0%| F|  |TAMS 0x0000000706200000, 0x0000000706200000| Untracked 
|  18|0x0000000706400000, 0x0000000706400000, 0x0000000706600000|  0%| F|  |TAMS 0x0000000706400000, 0x0000000706400000| Untracked 
|  19|0x0000000706600000, 0x0000000706600000, 0x0000000706800000|  0%| F|  |TAMS 0x0000000706600000, 0x0000000706600000| Untracked 
|  20|0x0000000706800000, 0x0000000706800000, 0x0000000706a00000|  0%| F|  |TAMS 0x0000000706800000, 0x0000000706800000| Untracked 
|  21|0x0000000706a00000, 0x0000000706a00000, 0x0000000706c00000|  0%| F|  |TAMS 0x0000000706a00000, 0x0000000706a00000| Untracked 
|  22|0x0000000706c00000, 0x0000000706c00000, 0x0000000706e00000|  0%| F|  |TAMS 0x0000000706c00000, 0x0000000706c00000| Untracked 
|  23|0x0000000706e00000, 0x0000000706e00000, 0x0000000707000000|  0%| F|  |TAMS 0x0000000706e00000, 0x0000000706e00000| Untracked 
|  24|0x0000000707000000, 0x0000000707000000, 0x0000000707200000|  0%| F|  |TAMS 0x0000000707000000, 0x0000000707000000| Untracked 
|  25|0x0000000707200000, 0x0000000707200000, 0x0000000707400000|  0%| F|  |TAMS 0x0000000707200000, 0x0000000707200000| Untracked 
|  26|0x0000000707400000, 0x0000000707400000, 0x0000000707600000|  0%| F|  |TAMS 0x0000000707400000, 0x0000000707400000| Untracked 
|  27|0x0000000707600000, 0x0000000707600000, 0x0000000707800000|  0%| F|  |TAMS 0x0000000707600000, 0x0000000707600000| Untracked 
|  28|0x0000000707800000, 0x0000000707800000, 0x0000000707a00000|  0%| F|  |TAMS 0x0000000707800000, 0x0000000707800000| Untracked 
|  29|0x0000000707a00000, 0x0000000707a00000, 0x0000000707c00000|  0%| F|  |TAMS 0x0000000707a00000, 0x0000000707a00000| Untracked 
|  30|0x0000000707c00000, 0x0000000707c00000, 0x0000000707e00000|  0%| F|  |TAMS 0x0000000707c00000, 0x0000000707c00000| Untracked 
|  31|0x0000000707e00000, 0x0000000707e00000, 0x0000000708000000|  0%| F|  |TAMS 0x0000000707e00000, 0x0000000707e00000| Untracked 
|  32|0x0000000708000000, 0x0000000708000000, 0x0000000708200000|  0%| F|  |TAMS 0x0000000708000000, 0x0000000708000000| Untracked 
|  33|0x0000000708200000, 0x0000000708200000, 0x0000000708400000|  0%| F|  |TAMS 0x0000000708200000, 0x0000000708200000| Untracked 
|  34|0x0000000708400000, 0x0000000708400000, 0x0000000708600000|  0%| F|  |TAMS 0x0000000708400000, 0x0000000708400000| Untracked 
|  35|0x0000000708600000, 0x0000000708600000, 0x0000000708800000|  0%| F|  |TAMS 0x0000000708600000, 0x0000000708600000| Untracked 
|  36|0x0000000708800000, 0x0000000708800000, 0x0000000708a00000|  0%| F|  |TAMS 0x0000000708800000, 0x0000000708800000| Untracked 
|  37|0x0000000708a00000, 0x0000000708a00000, 0x0000000708c00000|  0%| F|  |TAMS 0x0000000708a00000, 0x0000000708a00000| Untracked 
|  38|0x0000000708c00000, 0x0000000708c00000, 0x0000000708e00000|  0%| F|  |TAMS 0x0000000708c00000, 0x0000000708c00000| Untracked 
|  39|0x0000000708e00000, 0x0000000708e00000, 0x0000000709000000|  0%| F|  |TAMS 0x0000000708e00000, 0x0000000708e00000| Untracked 
|  40|0x0000000709000000, 0x0000000709000000, 0x0000000709200000|  0%| F|  |TAMS 0x0000000709000000, 0x0000000709000000| Untracked 
|  41|0x0000000709200000, 0x0000000709200000, 0x0000000709400000|  0%| F|  |TAMS 0x0000000709200000, 0x0000000709200000| Untracked 
|  42|0x0000000709400000, 0x0000000709400000, 0x0000000709600000|  0%| F|  |TAMS 0x0000000709400000, 0x0000000709400000| Untracked 
|  43|0x0000000709600000, 0x0000000709600000, 0x0000000709800000|  0%| F|  |TAMS 0x0000000709600000, 0x0000000709600000| Untracked 
|  44|0x0000000709800000, 0x0000000709800000, 0x0000000709a00000|  0%| F|  |TAMS 0x0000000709800000, 0x0000000709800000| Untracked 
|  45|0x0000000709a00000, 0x0000000709a00000, 0x0000000709c00000|  0%| F|  |TAMS 0x0000000709a00000, 0x0000000709a00000| Untracked 
|  46|0x0000000709c00000, 0x0000000709c00000, 0x0000000709e00000|  0%| F|  |TAMS 0x0000000709c00000, 0x0000000709c00000| Untracked 
|  47|0x0000000709e00000, 0x0000000709e00000, 0x000000070a000000|  0%| F|  |TAMS 0x0000000709e00000, 0x0000000709e00000| Untracked 
|  48|0x000000070a000000, 0x000000070a000000, 0x000000070a200000|  0%| F|  |TAMS 0x000000070a000000, 0x000000070a000000| Untracked 
|  49|0x000000070a200000, 0x000000070a200000, 0x000000070a400000|  0%| F|  |TAMS 0x000000070a200000, 0x000000070a200000| Untracked 
|  50|0x000000070a400000, 0x000000070a400000, 0x000000070a600000|  0%| F|  |TAMS 0x000000070a400000, 0x000000070a400000| Untracked 
|  51|0x000000070a600000, 0x000000070a600000, 0x000000070a800000|  0%| F|  |TAMS 0x000000070a600000, 0x000000070a600000| Untracked 
|  52|0x000000070a800000, 0x000000070a800000, 0x000000070aa00000|  0%| F|  |TAMS 0x000000070a800000, 0x000000070a800000| Untracked 
|  53|0x000000070aa00000, 0x000000070aa00000, 0x000000070ac00000|  0%| F|  |TAMS 0x000000070aa00000, 0x000000070aa00000| Untracked 
|  54|0x000000070ac00000, 0x000000070ac00000, 0x000000070ae00000|  0%| F|  |TAMS 0x000000070ac00000, 0x000000070ac00000| Untracked 
|  55|0x000000070ae00000, 0x000000070ae00000, 0x000000070b000000|  0%| F|  |TAMS 0x000000070ae00000, 0x000000070ae00000| Untracked 
|  56|0x000000070b000000, 0x000000070b000000, 0x000000070b200000|  0%| F|  |TAMS 0x000000070b000000, 0x000000070b000000| Untracked 
|  57|0x000000070b200000, 0x000000070b200000, 0x000000070b400000|  0%| F|  |TAMS 0x000000070b200000, 0x000000070b200000| Untracked 
|  58|0x000000070b400000, 0x000000070b400000, 0x000000070b600000|  0%| F|  |TAMS 0x000000070b400000, 0x000000070b400000| Untracked 
|  59|0x000000070b600000, 0x000000070b600000, 0x000000070b800000|  0%| F|  |TAMS 0x000000070b600000, 0x000000070b600000| Untracked 
|  60|0x000000070b800000, 0x000000070b800000, 0x000000070ba00000|  0%| F|  |TAMS 0x000000070b800000, 0x000000070b800000| Untracked 
|  61|0x000000070ba00000, 0x000000070ba00000, 0x000000070bc00000|  0%| F|  |TAMS 0x000000070ba00000, 0x000000070ba00000| Untracked 
|  62|0x000000070bc00000, 0x000000070bc00000, 0x000000070be00000|  0%| F|  |TAMS 0x000000070bc00000, 0x000000070bc00000| Untracked 
|  63|0x000000070be00000, 0x000000070be00000, 0x000000070c000000|  0%| F|  |TAMS 0x000000070be00000, 0x000000070be00000| Untracked 
|  64|0x000000070c000000, 0x000000070c000000, 0x000000070c200000|  0%| F|  |TAMS 0x000000070c000000, 0x000000070c000000| Untracked 
|  65|0x000000070c200000, 0x000000070c200000, 0x000000070c400000|  0%| F|  |TAMS 0x000000070c200000, 0x000000070c200000| Untracked 
|  66|0x000000070c400000, 0x000000070c400000, 0x000000070c600000|  0%| F|  |TAMS 0x000000070c400000, 0x000000070c400000| Untracked 
|  67|0x000000070c600000, 0x000000070c600000, 0x000000070c800000|  0%| F|  |TAMS 0x000000070c600000, 0x000000070c600000| Untracked 
|  68|0x000000070c800000, 0x000000070c800000, 0x000000070ca00000|  0%| F|  |TAMS 0x000000070c800000, 0x000000070c800000| Untracked 
|  69|0x000000070ca00000, 0x000000070ca00000, 0x000000070cc00000|  0%| F|  |TAMS 0x000000070ca00000, 0x000000070ca00000| Untracked 
|  70|0x000000070cc00000, 0x000000070cc00000, 0x000000070ce00000|  0%| F|  |TAMS 0x000000070cc00000, 0x000000070cc00000| Untracked 
|  71|0x000000070ce00000, 0x000000070ce00000, 0x000000070d000000|  0%| F|  |TAMS 0x000000070ce00000, 0x000000070ce00000| Untracked 
|  72|0x000000070d000000, 0x000000070d000000, 0x000000070d200000|  0%| F|  |TAMS 0x000000070d000000, 0x000000070d000000| Untracked 
|  73|0x000000070d200000, 0x000000070d200000, 0x000000070d400000|  0%| F|  |TAMS 0x000000070d200000, 0x000000070d200000| Untracked 
|  74|0x000000070d400000, 0x000000070d400000, 0x000000070d600000|  0%| F|  |TAMS 0x000000070d400000, 0x000000070d400000| Untracked 
|  75|0x000000070d600000, 0x000000070d600000, 0x000000070d800000|  0%| F|  |TAMS 0x000000070d600000, 0x000000070d600000| Untracked 
|  76|0x000000070d800000, 0x000000070d800000, 0x000000070da00000|  0%| F|  |TAMS 0x000000070d800000, 0x000000070d800000| Untracked 
|  77|0x000000070da00000, 0x000000070da00000, 0x000000070dc00000|  0%| F|  |TAMS 0x000000070da00000, 0x000000070da00000| Untracked 
|  78|0x000000070dc00000, 0x000000070dc00000, 0x000000070de00000|  0%| F|  |TAMS 0x000000070dc00000, 0x000000070dc00000| Untracked 
|  79|0x000000070de00000, 0x000000070de00000, 0x000000070e000000|  0%| F|  |TAMS 0x000000070de00000, 0x000000070de00000| Untracked 
|  80|0x000000070e000000, 0x000000070e000000, 0x000000070e200000|  0%| F|  |TAMS 0x000000070e000000, 0x000000070e000000| Untracked 
|  81|0x000000070e200000, 0x000000070e200000, 0x000000070e400000|  0%| F|  |TAMS 0x000000070e200000, 0x000000070e200000| Untracked 
|  82|0x000000070e400000, 0x000000070e400000, 0x000000070e600000|  0%| F|  |TAMS 0x000000070e400000, 0x000000070e400000| Untracked 
|  83|0x000000070e600000, 0x000000070e600000, 0x000000070e800000|  0%| F|  |TAMS 0x000000070e600000, 0x000000070e600000| Untracked 
|  84|0x000000070e800000, 0x000000070e800000, 0x000000070ea00000|  0%| F|  |TAMS 0x000000070e800000, 0x000000070e800000| Untracked 
|  85|0x000000070ea00000, 0x000000070ea00000, 0x000000070ec00000|  0%| F|  |TAMS 0x000000070ea00000, 0x000000070ea00000| Untracked 
|  86|0x000000070ec00000, 0x000000070ec00000, 0x000000070ee00000|  0%| F|  |TAMS 0x000000070ec00000, 0x000000070ec00000| Untracked 
|  87|0x000000070ee00000, 0x000000070ee00000, 0x000000070f000000|  0%| F|  |TAMS 0x000000070ee00000, 0x000000070ee00000| Untracked 
|  88|0x000000070f000000, 0x000000070f000000, 0x000000070f200000|  0%| F|  |TAMS 0x000000070f000000, 0x000000070f000000| Untracked 
|  89|0x000000070f200000, 0x000000070f200000, 0x000000070f400000|  0%| F|  |TAMS 0x000000070f200000, 0x000000070f200000| Untracked 
|  90|0x000000070f400000, 0x000000070f400000, 0x000000070f600000|  0%| F|  |TAMS 0x000000070f400000, 0x000000070f400000| Untracked 
|  91|0x000000070f600000, 0x000000070f600000, 0x000000070f800000|  0%| F|  |TAMS 0x000000070f600000, 0x000000070f600000| Untracked 
|  92|0x000000070f800000, 0x000000070f800000, 0x000000070fa00000|  0%| F|  |TAMS 0x000000070f800000, 0x000000070f800000| Untracked 
|  93|0x000000070fa00000, 0x000000070fa00000, 0x000000070fc00000|  0%| F|  |TAMS 0x000000070fa00000, 0x000000070fa00000| Untracked 
|  94|0x000000070fc00000, 0x000000070fc00000, 0x000000070fe00000|  0%| F|  |TAMS 0x000000070fc00000, 0x000000070fc00000| Untracked 
|  95|0x000000070fe00000, 0x000000070fe00000, 0x0000000710000000|  0%| F|  |TAMS 0x000000070fe00000, 0x000000070fe00000| Untracked 
|  96|0x0000000710000000, 0x0000000710000000, 0x0000000710200000|  0%| F|  |TAMS 0x0000000710000000, 0x0000000710000000| Untracked 
|  97|0x0000000710200000, 0x0000000710200000, 0x0000000710400000|  0%| F|  |TAMS 0x0000000710200000, 0x0000000710200000| Untracked 
|  98|0x0000000710400000, 0x0000000710400000, 0x0000000710600000|  0%| F|  |TAMS 0x0000000710400000, 0x0000000710400000| Untracked 
|  99|0x0000000710600000, 0x0000000710600000, 0x0000000710800000|  0%| F|  |TAMS 0x0000000710600000, 0x0000000710600000| Untracked 
| 100|0x0000000710800000, 0x0000000710800000, 0x0000000710a00000|  0%| F|  |TAMS 0x0000000710800000, 0x0000000710800000| Untracked 
| 101|0x0000000710a00000, 0x0000000710a00000, 0x0000000710c00000|  0%| F|  |TAMS 0x0000000710a00000, 0x0000000710a00000| Untracked 
| 102|0x0000000710c00000, 0x0000000710c00000, 0x0000000710e00000|  0%| F|  |TAMS 0x0000000710c00000, 0x0000000710c00000| Untracked 
| 103|0x0000000710e00000, 0x0000000710e00000, 0x0000000711000000|  0%| F|  |TAMS 0x0000000710e00000, 0x0000000710e00000| Untracked 
| 104|0x0000000711000000, 0x0000000711000000, 0x0000000711200000|  0%| F|  |TAMS 0x0000000711000000, 0x0000000711000000| Untracked 
| 105|0x0000000711200000, 0x0000000711200000, 0x0000000711400000|  0%| F|  |TAMS 0x0000000711200000, 0x0000000711200000| Untracked 
| 106|0x0000000711400000, 0x0000000711400000, 0x0000000711600000|  0%| F|  |TAMS 0x0000000711400000, 0x0000000711400000| Untracked 
| 107|0x0000000711600000, 0x0000000711600000, 0x0000000711800000|  0%| F|  |TAMS 0x0000000711600000, 0x0000000711600000| Untracked 
| 108|0x0000000711800000, 0x0000000711800000, 0x0000000711a00000|  0%| F|  |TAMS 0x0000000711800000, 0x0000000711800000| Untracked 
| 109|0x0000000711a00000, 0x0000000711a00000, 0x0000000711c00000|  0%| F|  |TAMS 0x0000000711a00000, 0x0000000711a00000| Untracked 
| 110|0x0000000711c00000, 0x0000000711c00000, 0x0000000711e00000|  0%| F|  |TAMS 0x0000000711c00000, 0x0000000711c00000| Untracked 
| 111|0x0000000711e00000, 0x0000000711e00000, 0x0000000712000000|  0%| F|  |TAMS 0x0000000711e00000, 0x0000000711e00000| Untracked 
| 112|0x0000000712000000, 0x0000000712000000, 0x0000000712200000|  0%| F|  |TAMS 0x0000000712000000, 0x0000000712000000| Untracked 
| 113|0x0000000712200000, 0x0000000712200000, 0x0000000712400000|  0%| F|  |TAMS 0x0000000712200000, 0x0000000712200000| Untracked 
| 114|0x0000000712400000, 0x0000000712400000, 0x0000000712600000|  0%| F|  |TAMS 0x0000000712400000, 0x0000000712400000| Untracked 
| 115|0x0000000712600000, 0x0000000712600000, 0x0000000712800000|  0%| F|  |TAMS 0x0000000712600000, 0x0000000712600000| Untracked 
| 116|0x0000000712800000, 0x0000000712800000, 0x0000000712a00000|  0%| F|  |TAMS 0x0000000712800000, 0x0000000712800000| Untracked 
| 117|0x0000000712a00000, 0x0000000712a00000, 0x0000000712c00000|  0%| F|  |TAMS 0x0000000712a00000, 0x0000000712a00000| Untracked 
| 118|0x0000000712c00000, 0x0000000712c00000, 0x0000000712e00000|  0%| F|  |TAMS 0x0000000712c00000, 0x0000000712c00000| Untracked 
| 119|0x0000000712e00000, 0x0000000712e00000, 0x0000000713000000|  0%| F|  |TAMS 0x0000000712e00000, 0x0000000712e00000| Untracked 
| 120|0x0000000713000000, 0x0000000713000000, 0x0000000713200000|  0%| F|  |TAMS 0x0000000713000000, 0x0000000713000000| Untracked 
| 121|0x0000000713200000, 0x0000000713200000, 0x0000000713400000|  0%| F|  |TAMS 0x0000000713200000, 0x0000000713200000| Untracked 
| 122|0x0000000713400000, 0x00000007134e2350, 0x0000000713600000| 44%| E|  |TAMS 0x0000000713400000, 0x0000000713400000| Complete 
| 123|0x0000000713600000, 0x0000000713800000, 0x0000000713800000|100%| E|CS|TAMS 0x0000000713600000, 0x0000000713600000| Complete 
| 124|0x0000000713800000, 0x0000000713a00000, 0x0000000713a00000|100%| E|CS|TAMS 0x0000000713800000, 0x0000000713800000| Complete 
| 125|0x0000000713a00000, 0x0000000713c00000, 0x0000000713c00000|100%| E|CS|TAMS 0x0000000713a00000, 0x0000000713a00000| Complete 

Card table byte_map: [0x000001ff79760000,0x000001ff79f40000] _byte_map_base: 0x000001ff75f40000

Marking Bits (Prev, Next): (CMBitMap*) 0x000001ff789da220, (CMBitMap*) 0x000001ff789da260
 Prev Bits: [0x000001ff7a720000, 0x000001ff7e620000)
 Next Bits: [0x000001ff16a70000, 0x000001ff1a970000)

Polling page: 0x000001ff78130000

Metaspace:

Usage:
  Non-class:      2.66 MB used.
      Class:    281.25 KB used.
       Both:      2.94 MB used.

Virtual space:
  Non-class space:       64.00 MB reserved,       2.75 MB (  4%) committed,  1 nodes.
      Class space:        1.00 GB reserved,     320.00 KB ( <1%) committed,  1 nodes.
             Both:        1.06 GB reserved,       3.06 MB ( <1%) committed. 

Chunk freelists:
   Non-Class:  11.71 MB
       Class:  15.71 MB
        Both:  27.42 MB

MaxMetaspaceSize: unlimited
CompressedClassSpaceSize: 1.00 GB
Initial GC threshold: 21.00 MB
Current GC threshold: 21.00 MB
CDS: on
MetaspaceReclaimPolicy: balanced
 - commit_granule_bytes: 65536.
 - commit_granule_words: 8192.
 - virtual_space_node_default_size: 8388608.
 - enlarge_chunks_in_place: 1.
 - new_chunks_are_fully_committed: 0.
 - uncommit_free_chunks: 1.
 - use_allocation_guard: 0.
 - handle_deallocations: 1.


Internal statistics:

num_allocs_failed_limit: 0.
num_arena_births: 24.
num_arena_deaths: 0.
num_vsnodes_births: 2.
num_vsnodes_deaths: 0.
num_space_committed: 49.
num_space_uncommitted: 0.
num_chunks_returned_to_freelist: 0.
num_chunks_taken_from_freelist: 46.
num_chunk_merges: 0.
num_chunk_splits: 31.
num_chunks_enlarged: 18.
num_inconsistent_stats: 0.

CodeHeap 'non-profiled nmethods': size=120000Kb used=173Kb max_used=173Kb free=119826Kb
 bounds [0x000001ff0f540000, 0x000001ff0f7b0000, 0x000001ff16a70000]
CodeHeap 'profiled nmethods': size=120000Kb used=695Kb max_used=695Kb free=119304Kb
 bounds [0x000001ff07a70000, 0x000001ff07ce0000, 0x000001ff0efa0000]
CodeHeap 'non-nmethods': size=5760Kb used=1226Kb max_used=1245Kb free=4533Kb
 bounds [0x000001ff0efa0000, 0x000001ff0f210000, 0x000001ff0f540000]
 total_blobs=925 nmethods=490 adapters=348
 compilation: enabled
              stopped_count=0, restarted_count=0
 full_count=0

Compilation events (20 events):
Event: 0.332 Thread 0x000001ff7ea09260  448       1       java.security.ProtectionDomain::getCodeSource (5 bytes)
Event: 0.332 Thread 0x000001ff7ea09260 nmethod 448 0x000001ff0f565b90 code [0x000001ff0f565d20, 0x000001ff0f565df8]
Event: 0.332 Thread 0x000001ff7ea09260  459       1       java.nio.Buffer::limit (5 bytes)
Event: 0.332 Thread 0x000001ff7ea09260 nmethod 459 0x000001ff0f565e90 code [0x000001ff0f566020, 0x000001ff0f5660f8]
Event: 0.333 Thread 0x000001ff7ea09260  460       3       java.lang.invoke.MethodTypeForm::canonicalize (59 bytes)
Event: 0.333 Thread 0x000001ff7ea09260 nmethod 460 0x000001ff07b1a990 code [0x000001ff07b1ab60, 0x000001ff07b1ae88]
Event: 0.333 Thread 0x000001ff7ea09260  461       3       java.lang.invoke.MethodType$ConcurrentWeakInternSet::add (66 bytes)
Event: 0.333 Thread 0x000001ff7ea09260 nmethod 461 0x000001ff07b1b010 code [0x000001ff07b1b2a0, 0x000001ff07b1c168]
Event: 0.334 Thread 0x000001ff7ea09260  462       1       java.lang.invoke.MethodTypeForm::parameterSlotCount (5 bytes)
Event: 0.334 Thread 0x000001ff7ea09260 nmethod 462 0x000001ff0f566190 code [0x000001ff0f566320, 0x000001ff0f5663f8]
Event: 0.334 Thread 0x000001ff7ea09260  463       3       java.lang.invoke.MemberName::getReferenceKind (12 bytes)
Event: 0.334 Thread 0x000001ff7ea09260 nmethod 463 0x000001ff07b1c710 code [0x000001ff07b1c8a0, 0x000001ff07b1c9b8]
Event: 0.335 Thread 0x000001ff1ccc1ec0  465       4       java.lang.StringUTF16::getChar (60 bytes)
Event: 0.335 Thread 0x000001ff1ccc1ec0 nmethod 465 0x000001ff0f566890 code [0x000001ff0f566a00, 0x000001ff0f566ad8]
Event: 0.336 Thread 0x000001ff7ea09260  466       3       java.lang.CharacterData::of (136 bytes)
Event: 0.336 Thread 0x000001ff7e9fc290  467       4       java.lang.AbstractStringBuilder::ensureCapacityInternal (39 bytes)
Event: 0.336 Thread 0x000001ff7ea09260 nmethod 466 0x000001ff07b1ca90 code [0x000001ff07b1ccc0, 0x000001ff07b1d5b8]
Event: 0.338 Thread 0x000001ff7e9fc290 nmethod 467 0x000001ff0f566b90 code [0x000001ff0f566d20, 0x000001ff0f567188]
Event: 92.004 Thread 0x000001ff7ea09260  490       3       org.eclipse.jdt.launching.internal.org.objectweb.asm.SymbolTable::addConstantUtf8 (20 bytes)
Event: 92.004 Thread 0x000001ff7ea09260 nmethod 490 0x000001ff07b1d790 code [0x000001ff07b1d960, 0x000001ff07b1dc28]

GC Heap History (0 events):
No events

Dll operation events (9 events):
Event: 0.022 Loaded shared library C:\Users\koray\AppData\Local\Programs\Eclipse Adoptium\jdk-17.0.10.7-hotspot\bin\java.dll
Event: 0.042 Loaded shared library C:\Users\koray\AppData\Local\Programs\Eclipse Adoptium\jdk-17.0.10.7-hotspot\bin\jsvml.dll
Event: 0.227 Loaded shared library C:\Users\koray\AppData\Local\Programs\Eclipse Adoptium\jdk-17.0.10.7-hotspot\bin\zip.dll
Event: 0.229 Loaded shared library C:\Users\koray\AppData\Local\Programs\Eclipse Adoptium\jdk-17.0.10.7-hotspot\bin\instrument.dll
Event: 0.233 Loaded shared library C:\Users\koray\AppData\Local\Programs\Eclipse Adoptium\jdk-17.0.10.7-hotspot\bin\net.dll
Event: 0.233 Loaded shared library C:\Users\koray\AppData\Local\Programs\Eclipse Adoptium\jdk-17.0.10.7-hotspot\bin\nio.dll
Event: 0.235 Loaded shared library C:\Users\koray\AppData\Local\Programs\Eclipse Adoptium\jdk-17.0.10.7-hotspot\bin\zip.dll
Event: 0.274 Loaded shared library C:\Users\koray\AppData\Local\Programs\Eclipse Adoptium\jdk-17.0.10.7-hotspot\bin\jimage.dll
Event: 0.299 Loaded shared library C:\Users\koray\AppData\Local\Programs\Eclipse Adoptium\jdk-17.0.10.7-hotspot\bin\verify.dll

Deoptimization events (20 events):
Event: 0.308 Thread 0x000001ff78970230 DEOPT PACKING pc=0x000001ff07aecbd4 sp=0x0000006d905f82a0
Event: 0.308 Thread 0x000001ff78970230 DEOPT UNPACKING pc=0x000001ff0efface3 sp=0x0000006d905f7708 mode 0
Event: 0.309 Thread 0x000001ff78970230 DEOPT PACKING pc=0x000001ff07aecbd4 sp=0x0000006d905fbd00
Event: 0.309 Thread 0x000001ff78970230 DEOPT UNPACKING pc=0x000001ff0efface3 sp=0x0000006d905fb168 mode 0
Event: 0.309 Thread 0x000001ff78970230 DEOPT PACKING pc=0x000001ff07aecbd4 sp=0x0000006d905fbd00
Event: 0.309 Thread 0x000001ff78970230 DEOPT UNPACKING pc=0x000001ff0efface3 sp=0x0000006d905fb168 mode 0
Event: 0.310 Thread 0x000001ff78970230 DEOPT PACKING pc=0x000001ff07aecbd4 sp=0x0000006d905f8220
Event: 0.310 Thread 0x000001ff78970230 DEOPT UNPACKING pc=0x000001ff0efface3 sp=0x0000006d905f7688 mode 0
Event: 0.310 Thread 0x000001ff78970230 DEOPT PACKING pc=0x000001ff07aecbd4 sp=0x0000006d905fbc30
Event: 0.310 Thread 0x000001ff78970230 DEOPT UNPACKING pc=0x000001ff0efface3 sp=0x0000006d905fb098 mode 0
Event: 0.312 Thread 0x000001ff78970230 DEOPT PACKING pc=0x000001ff07aecbd4 sp=0x0000006d905fbd00
Event: 0.312 Thread 0x000001ff78970230 DEOPT UNPACKING pc=0x000001ff0efface3 sp=0x0000006d905fb168 mode 0
Event: 0.331 Thread 0x000001ff78970230 Uncommon trap: trap_request=0xffffff45 fr.pc=0x000001ff0f54949c relative=0x000000000000019c
Event: 0.331 Thread 0x000001ff78970230 Uncommon trap: reason=unstable_if action=reinterpret pc=0x000001ff0f54949c method=java.lang.String.isLatin1()Z @ 10 c2
Event: 0.331 Thread 0x000001ff78970230 DEOPT PACKING pc=0x000001ff0f54949c sp=0x0000006d905fcbe0
Event: 0.331 Thread 0x000001ff78970230 DEOPT UNPACKING pc=0x000001ff0effa1a3 sp=0x0000006d905fcb18 mode 2
Event: 0.334 Thread 0x000001ff78970230 Uncommon trap: trap_request=0xffffff45 fr.pc=0x000001ff0f552048 relative=0x0000000000000048
Event: 0.334 Thread 0x000001ff78970230 Uncommon trap: reason=unstable_if action=reinterpret pc=0x000001ff0f552048 method=java.lang.CharacterData.of(I)Ljava/lang/CharacterData; @ 4 c2
Event: 0.334 Thread 0x000001ff78970230 DEOPT PACKING pc=0x000001ff0f552048 sp=0x0000006d905feaa0
Event: 0.334 Thread 0x000001ff78970230 DEOPT UNPACKING pc=0x000001ff0effa1a3 sp=0x0000006d905fea40 mode 2

Classes unloaded (0 events):
No events

Classes redefined (1 events):
Event: 92.005 Thread 0x000001ff7e9e06f0 redefined class name=primeNumberFinder, count=1

Internal exceptions (0 events):
No events

VM Operations (20 events):
Event: 65.204 Executing VM operation: ChangeSingleStep
Event: 65.204 Executing VM operation: ChangeSingleStep done
Event: 65.204 Executing VM operation: ChangeSingleStep
Event: 65.204 Executing VM operation: ChangeSingleStep done
Event: 92.002 Executing VM operation: ChangeSingleStep
Event: 92.002 Executing VM operation: ChangeSingleStep done
Event: 92.002 Executing VM operation: ChangeSingleStep
Event: 92.002 Executing VM operation: ChangeSingleStep done
Event: 92.004 Executing VM operation: RedefineClasses
Event: 92.006 Executing VM operation: RedefineClasses done
Event: 92.008 Executing VM operation: ChangeBreakpoints
Event: 92.008 Executing VM operation: ChangeBreakpoints done
Event: 92.009 Executing VM operation: ChangeSingleStep
Event: 92.009 Executing VM operation: ChangeSingleStep done
Event: 92.009 Executing VM operation: ChangeSingleStep
Event: 92.009 Executing VM operation: ChangeSingleStep done
Event: 92.009 Executing VM operation: ChangeSingleStep
Event: 92.009 Executing VM operation: ChangeSingleStep done
Event: 92.010 Executing VM operation: ChangeSingleStep
Event: 92.010 Executing VM operation: ChangeSingleStep done

Events (20 events):
Event: 0.326 loading class java/lang/WeakPairMap$WeakRefPeer
Event: 0.326 loading class java/lang/WeakPairMap$WeakRefPeer done
Event: 0.326 loading class java/lang/WeakPairMap$Pair$Weak done
Event: 0.327 loading class java/lang/WeakPairMap$Pair$Weak$1
Event: 0.327 loading class java/lang/WeakPairMap$Pair$Weak$1 done
Event: 0.329 loading class sun/util/resources/LocaleData$CommonResourceBundleProvider
Event: 0.329 loading class sun/util/resources/LocaleData$LocaleDataResourceBundleProvider
Event: 0.329 loading class java/util/spi/ResourceBundleProvider
Event: 0.329 loading class java/util/spi/ResourceBundleProvider done
Event: 0.329 loading class sun/util/resources/LocaleData$LocaleDataResourceBundleProvider done
Event: 0.329 loading class sun/util/resources/LocaleData$CommonResourceBundleProvider done
Event: 0.330 loading class sun/util/resources/Bundles$2
Event: 0.330 loading class sun/util/resources/Bundles$2 done
Event: 0.331 loading class java/lang/InstantiationException
Event: 0.331 loading class java/lang/InstantiationException done
Event: 0.331 loading class java/lang/IllegalAccessException
Event: 0.331 loading class java/lang/IllegalAccessException done
Event: 5.336 Thread 0x000001ff1ccc1ec0 Thread exited: 0x000001ff1ccc1ec0
Event: 17.032 loading class java/util/regex/Pattern$1
Event: 17.032 loading class java/util/regex/Pattern$1 done


Dynamic libraries:
0x00007ff6af410000 - 0x00007ff6af41e000 	C:\Users\koray\AppData\Local\Programs\Eclipse Adoptium\jdk-17.0.10.7-hotspot\bin\javaw.exe
0x00007ff85e590000 - 0x00007ff85e788000 	C:\Windows\SYSTEM32\ntdll.dll
0x00007ff85df10000 - 0x00007ff85dfcd000 	C:\Windows\System32\KERNEL32.DLL
0x00007ff85bd80000 - 0x00007ff85c076000 	C:\Windows\System32\KERNELBASE.dll
0x00007ff85c2f0000 - 0x00007ff85c3f0000 	C:\Windows\System32\ucrtbase.dll
0x00007ff8532d0000 - 0x00007ff8532eb000 	C:\Users\koray\AppData\Local\Programs\Eclipse Adoptium\jdk-17.0.10.7-hotspot\bin\VCRUNTIME140.dll
0x00007ff852ce0000 - 0x00007ff852cf7000 	C:\Users\koray\AppData\Local\Programs\Eclipse Adoptium\jdk-17.0.10.7-hotspot\bin\jli.dll
0x00007ff85d710000 - 0x00007ff85d8ae000 	C:\Windows\System32\USER32.dll
0x00007ff85c080000 - 0x00007ff85c0a2000 	C:\Windows\System32\win32u.dll
0x00007ff85e520000 - 0x00007ff85e54c000 	C:\Windows\System32\GDI32.dll
0x00007ff85bc60000 - 0x00007ff85bd7a000 	C:\Windows\System32\gdi32full.dll
0x00007ff83d5c0000 - 0x00007ff83d85a000 	C:\Windows\WinSxS\amd64_microsoft.windows.common-controls_6595b64144ccf1df_6.0.19041.3636_none_60b6a03d71f818d5\COMCTL32.dll
0x00007ff85c0b0000 - 0x00007ff85c14d000 	C:\Windows\System32\msvcp_win.dll
0x00007ff85de70000 - 0x00007ff85df0e000 	C:\Windows\System32\msvcrt.dll
0x00007ff85e4f0000 - 0x00007ff85e520000 	C:\Windows\System32\IMM32.DLL
0x00007ff84def0000 - 0x00007ff84defc000 	C:\Users\koray\AppData\Local\Programs\Eclipse Adoptium\jdk-17.0.10.7-hotspot\bin\vcruntime140_1.dll
0x00007ff8098b0000 - 0x00007ff80993d000 	C:\Users\koray\AppData\Local\Programs\Eclipse Adoptium\jdk-17.0.10.7-hotspot\bin\msvcp140.dll
0x00007fffb25c0000 - 0x00007fffb3222000 	C:\Users\koray\AppData\Local\Programs\Eclipse Adoptium\jdk-17.0.10.7-hotspot\bin\server\jvm.dll
0x00007ff85c5e0000 - 0x00007ff85c693000 	C:\Windows\System32\ADVAPI32.dll
0x00007ff85dca0000 - 0x00007ff85dd3f000 	C:\Windows\System32\sechost.dll
0x00007ff85c8d0000 - 0x00007ff85c9f6000 	C:\Windows\System32\RPCRT4.dll
0x00007ff85c2c0000 - 0x00007ff85c2e7000 	C:\Windows\System32\bcrypt.dll
0x00007ff85b200000 - 0x00007ff85b24b000 	C:\Windows\SYSTEM32\POWRPROF.dll
0x00007ff84d9b0000 - 0x00007ff84d9d7000 	C:\Windows\SYSTEM32\WINMM.dll
0x00007ff844e20000 - 0x00007ff844e29000 	C:\Windows\SYSTEM32\WSOCK32.dll
0x00007ff854eb0000 - 0x00007ff854eba000 	C:\Windows\SYSTEM32\VERSION.dll
0x00007ff85d8b0000 - 0x00007ff85d91b000 	C:\Windows\System32\WS2_32.dll
0x00007ff85b070000 - 0x00007ff85b082000 	C:\Windows\SYSTEM32\UMPDC.dll
0x00007ff859cf0000 - 0x00007ff859d02000 	C:\Windows\SYSTEM32\kernel.appcore.dll
0x00007ff857770000 - 0x00007ff85777a000 	C:\Users\koray\AppData\Local\Programs\Eclipse Adoptium\jdk-17.0.10.7-hotspot\bin\jimage.dll
0x00007ff859740000 - 0x00007ff859924000 	C:\Windows\SYSTEM32\DBGHELP.DLL
0x00007ff83a1d0000 - 0x00007ff83a204000 	C:\Windows\SYSTEM32\dbgcore.DLL
0x00007ff85c550000 - 0x00007ff85c5d2000 	C:\Windows\System32\bcryptPrimitives.dll
0x00007ff825780000 - 0x00007ff8257bb000 	C:\Users\koray\AppData\Local\Programs\Eclipse Adoptium\jdk-17.0.10.7-hotspot\bin\jdwp.dll
0x00007ff84d620000 - 0x00007ff84d62e000 	C:\Users\koray\AppData\Local\Programs\Eclipse Adoptium\jdk-17.0.10.7-hotspot\bin\instrument.dll
0x00007ff83c790000 - 0x00007ff83c7b5000 	C:\Users\koray\AppData\Local\Programs\Eclipse Adoptium\jdk-17.0.10.7-hotspot\bin\java.dll
0x00007ff817ce0000 - 0x00007ff817db7000 	C:\Users\koray\AppData\Local\Programs\Eclipse Adoptium\jdk-17.0.10.7-hotspot\bin\jsvml.dll
0x00007ff85cfc0000 - 0x00007ff85d705000 	C:\Windows\System32\SHELL32.dll
0x00007ff859d10000 - 0x00007ff85a4ab000 	C:\Windows\SYSTEM32\windows.storage.dll
0x00007ff85cc60000 - 0x00007ff85cfb4000 	C:\Windows\System32\combase.dll
0x00007ff85b690000 - 0x00007ff85b6bd000 	C:\Windows\SYSTEM32\Wldp.dll
0x00007ff85d9a0000 - 0x00007ff85da4d000 	C:\Windows\System32\SHCORE.dll
0x00007ff85c740000 - 0x00007ff85c795000 	C:\Windows\System32\shlwapi.dll
0x00007ff85bb90000 - 0x00007ff85bbb5000 	C:\Windows\SYSTEM32\profapi.dll
0x00007ff84d4b0000 - 0x00007ff84d4bc000 	C:\Users\koray\AppData\Local\Programs\Eclipse Adoptium\jdk-17.0.10.7-hotspot\bin\dt_socket.dll
0x00007ff85b090000 - 0x00007ff85b0cb000 	C:\Windows\SYSTEM32\IPHLPAPI.DLL
0x00007ff85b3f0000 - 0x00007ff85b45a000 	C:\Windows\system32\mswsock.dll
0x00007ff85b0e0000 - 0x00007ff85b1aa000 	C:\Windows\SYSTEM32\DNSAPI.dll
0x00007ff85c730000 - 0x00007ff85c738000 	C:\Windows\System32\NSI.dll
0x00007ff854110000 - 0x00007ff85411a000 	C:\Windows\System32\rasadhlp.dll
0x00007ff8518f0000 - 0x00007ff851970000 	C:\Windows\System32\fwpuclnt.dll
0x00007ff83c730000 - 0x00007ff83c748000 	C:\Users\koray\AppData\Local\Programs\Eclipse Adoptium\jdk-17.0.10.7-hotspot\bin\zip.dll
0x00007ff83c770000 - 0x00007ff83c789000 	C:\Users\koray\AppData\Local\Programs\Eclipse Adoptium\jdk-17.0.10.7-hotspot\bin\net.dll
0x00007ff853dc0000 - 0x00007ff853eca000 	C:\Windows\SYSTEM32\WINHTTP.dll
0x00007ff83c750000 - 0x00007ff83c766000 	C:\Users\koray\AppData\Local\Programs\Eclipse Adoptium\jdk-17.0.10.7-hotspot\bin\nio.dll
0x00007ff855550000 - 0x00007ff855560000 	C:\Users\koray\AppData\Local\Programs\Eclipse Adoptium\jdk-17.0.10.7-hotspot\bin\verify.dll

dbghelp: loaded successfully - version: 4.0.5 - missing functions: none
symbol engine: initialized successfully - sym options: 0x614 - pdb path: .;C:\Users\koray\AppData\Local\Programs\Eclipse Adoptium\jdk-17.0.10.7-hotspot\bin;C:\Windows\SYSTEM32;C:\Windows\WinSxS\amd64_microsoft.windows.common-controls_6595b64144ccf1df_6.0.19041.3636_none_60b6a03d71f818d5;C:\Users\koray\AppData\Local\Programs\Eclipse Adoptium\jdk-17.0.10.7-hotspot\bin\server

VM Arguments:
jvm_args: -XX:+ShowCodeDetailsInExceptionMessages -agentlib:jdwp=transport=dt_socket,suspend=y,address=localhost:59704 -javaagent:C:\Users\koray\eclipse\jee-2023-12\eclipse\configuration\org.eclipse.osgi\434\0\.cp\lib\javaagent-shaded.jar -Dfile.encoding=UTF-8 -Dstdout.encoding=UTF-8 -Dstderr.encoding=UTF-8 
java_command: primeNumberFinder
java_class_path (initial): C:\ProjectJava\PrimeNumber\bin
Launcher Type: SUN_STANDARD

[Global flags]
     intx CICompilerCount                          = 4                                         {product} {ergonomic}
     uint ConcGCThreads                            = 3                                         {product} {ergonomic}
     uint G1ConcRefinementThreads                  = 10                                        {product} {ergonomic}
   size_t G1HeapRegionSize                         = 2097152                                   {product} {ergonomic}
    uintx GCDrainStackTargetSize                   = 64                                        {product} {ergonomic}
   size_t InitialHeapSize                          = 264241152                                 {product} {ergonomic}
   size_t MarkStackSize                            = 4194304                                   {product} {ergonomic}
   size_t MaxHeapSize                              = 4227858432                                {product} {ergonomic}
   size_t MaxNewSize                               = 2535456768                                {product} {ergonomic}
   size_t MinHeapDeltaBytes                        = 2097152                                   {product} {ergonomic}
   size_t MinHeapSize                              = 8388608                                   {product} {ergonomic}
    uintx NonNMethodCodeHeapSize                   = 5839372                                {pd product} {ergonomic}
    uintx NonProfiledCodeHeapSize                  = 122909434                              {pd product} {ergonomic}
    uintx ProfiledCodeHeapSize                     = 122909434                              {pd product} {ergonomic}
    uintx ReservedCodeCacheSize                    = 251658240                              {pd product} {ergonomic}
     bool SegmentedCodeCache                       = true                                      {product} {ergonomic}
     bool ShowCodeDetailsInExceptionMessages       = true                                   {manageable} {command line}
   size_t SoftMaxHeapSize                          = 4227858432                             {manageable} {ergonomic}
     bool UseCompressedClassPointers               = true                           {product lp64_product} {ergonomic}
     bool UseCompressedOops                        = true                           {product lp64_product} {ergonomic}
     bool UseG1GC                                  = true                                      {product} {ergonomic}
     bool UseLargePagesIndividualAllocation        = false                                  {pd product} {ergonomic}

Logging:
Log output configuration:
 #0: stdout all=warning uptime,level,tags
 #1: stderr all=off uptime,level,tags

Environment Variables:
JAVA_HOME=C:\Users\koray\AppData\Local\Programs\Eclipse Adoptium\jdk-17.0.10.7-hotspot\
PATH=C:/Users/koray/AppData/Local/Programs/Eclipse Adoptium/jdk-17.0.10.7-hotspot/bin/server;C:/Users/koray/AppData/Local/Programs/Eclipse Adoptium/jdk-17.0.10.7-hotspot/bin;C:\Program Files\Common Files\Oracle\Java\javapath;C:\Windows\system32;C:\Windows;C:\Windows\System32\Wbem;C:\Windows\System32\WindowsPowerShell\v1.0\;C:\Windows\System32\OpenSSH\;C:\Program Files\NVIDIA Corporation\NVIDIA NvDLISR;C:\Program Files (x86)\ZeroTier\One\;C:\Program Files (x86)\NVIDIA Corporation\PhysX\Common;C:\Program Files\Git\cmd;C:\Users\koray\AppData\Local\Programs\Eclipse Adoptium\jdk-17.0.10.7-hotspot\bin;C:\Users\koray\AppData\Local\Programs\Python\Python310\Scripts\;C:\Users\koray\AppData\Local\Programs\Python\Python310\;C:\Users\koray\AppData\Local\Microsoft\WindowsApps;C:\Users\koray\AppData\Local\Programs\Microsoft VS Code\bin;C:\Users\koray\AppData\Local\GitHubDesktop\bin;C:\Windows\System32;
USERNAME=koray
OS=Windows_NT
PROCESSOR_IDENTIFIER=Intel64 Family 6 Model 141 Stepping 1, GenuineIntel
TMP=C:\Users\koray\AppData\Local\Temp
TEMP=C:\Users\koray\AppData\Local\Temp



Periodic native trim disabled


---------------  S Y S T E M  ---------------

OS:
 Windows 10 , 64 bit Build 19041 (10.0.19041.3636)
OS uptime: 6 days 23:15 hours

CPU: total 12 (initial active 12) (6 cores per cpu, 2 threads per core) family 6 model 141 stepping 1 microcode 0x32, cx8, cmov, fxsr, ht, mmx, 3dnowpref, sse, sse2, sse3, ssse3, sse4.1, sse4.2, popcnt, lzcnt, tsc, tscinvbit, avx, avx2, aes, erms, clmul, bmi1, bmi2, adx, avx512f, avx512dq, avx512cd, avx512bw, avx512vl, sha, fma, vzeroupper, avx512_vpopcntdq, avx512_vpclmulqdq, avx512_vaes, avx512_vnni, clflush, clflushopt, clwb, avx512_vbmi2, avx512_vbmi
Processor Information for all 12 processors :
  Max Mhz: 2918, Current Mhz: 2918, Mhz Limit: 2918

Memory: 4k page, system-wide physical 16125M (8082M free)
TotalPageFile size 18557M (AvailPageFile size 6529M)
current process WorkingSet (physical memory assigned to process): 47M, peak: 50M
current process commit charge ("private bytes"): 347M, peak: 351M

vm_info: OpenJDK 64-Bit Server VM (17.0.10+7) for windows-amd64 JRE (17.0.10+7), built on Jan 16 2024 23:25:11 by "admin" with MS VC++ 16.10 / 16.11 (VS2019)

END.
